2025-08-08 14:40:25,360 - __main__ - INFO - Database initialized successfully
2025-08-08 14:40:25,362 - __main__ - INFO - Starting Facebook Profile Scraper API server on port 8003
2025-08-08 14:41:24,310 - __main__ - INFO - Received request for Facebook profile: aamirkhan
2025-08-08 14:41:24,313 - __main__ - INFO - Scraping Facebook profile for aamirkhan
2025-08-08 14:41:49,781 - __main__ - INFO - Successfully scraped Facebook profile for aamirkhan using Playwright
2025-08-08 14:41:49,783 - __main__ - INFO - Successfully processed Facebook profile: aamirkhan
2025-08-08 14:43:58,304 - __main__ - INFO - Database initialized successfully
2025-08-08 14:43:58,307 - __main__ - INFO - Directly validating Facebook profile: narendramodi
2025-08-08 14:43:58,309 - __main__ - INFO - Scraping Facebook profile for narendramodi
2025-08-08 14:44:14,773 - __main__ - INFO - Successfully scraped Facebook profile for narendramodi using Playwright
2025-08-08 14:44:14,774 - __main__ - INFO - Successfully validated Facebook profile: narendramodi
2025-08-08 14:45:05,271 - __main__ - INFO - Database initialized successfully
2025-08-08 14:45:05,275 - __main__ - INFO - Directly validating Facebook profile: virat.kohli
2025-08-08 14:45:05,276 - __main__ - INFO - Scraping Facebook profile for virat.kohli
2025-08-08 14:45:21,587 - __main__ - INFO - Successfully scraped Facebook profile for virat.kohli using Playwright
2025-08-08 14:45:21,588 - __main__ - INFO - Successfully validated Facebook profile: virat.kohli
2025-08-08 14:46:51,989 - __main__ - INFO - Database initialized successfully
2025-08-08 14:46:51,995 - __main__ - INFO - Directly validating Facebook profile: rahulgandhi
2025-08-08 14:46:51,997 - __main__ - INFO - Scraping Facebook profile for rahulgandhi
2025-08-08 14:47:08,598 - __main__ - INFO - Successfully scraped Facebook profile for rahulgandhi using Playwright
2025-08-08 14:47:08,598 - __main__ - INFO - Successfully validated Facebook profile: rahulgandhi
2025-08-08 14:47:25,388 - __main__ - INFO - Database initialized successfully
2025-08-08 14:47:25,390 - __main__ - INFO - Directly validating Facebook profile: zuck
2025-08-08 14:47:25,391 - __main__ - INFO - Scraping Facebook profile for zuck
2025-08-08 14:47:41,384 - __main__ - INFO - Successfully scraped Facebook profile for zuck using Playwright
2025-08-08 14:47:41,384 - __main__ - INFO - Successfully validated Facebook profile: zuck
2025-08-08 15:03:18,257 - __main__ - INFO - Database initialized successfully
2025-08-08 15:03:18,258 - __main__ - INFO - Starting Facebook Profile Scraper API server on port 8003
2025-08-08 15:03:37,806 - __main__ - INFO - Received request for Facebook profile: zuck
2025-08-08 15:03:37,809 - __main__ - INFO - Scraping Facebook profile for zuck
2025-08-08 15:03:49,579 - __main__ - INFO - Saved zuck to cache
2025-08-08 15:03:49,580 - __main__ - INFO - Successfully scraped Facebook profile for zuck using Playwright
2025-08-08 15:03:49,580 - __main__ - INFO - Successfully processed Facebook profile: zuck
2025-08-08 15:04:53,347 - __main__ - INFO - Received request for Facebook profile: narendramodi
2025-08-08 15:04:53,354 - __main__ - INFO - Scraping Facebook profile for narendramodi
2025-08-08 15:05:01,500 - __main__ - INFO - Saved narendramodi to cache
2025-08-08 15:05:01,501 - __main__ - INFO - Successfully scraped Facebook profile for narendramodi using Playwright
2025-08-08 15:05:01,501 - __main__ - INFO - Successfully processed Facebook profile: narendramodi
2025-08-08 15:08:49,948 - __main__ - INFO - Database initialized successfully
2025-08-08 15:08:49,951 - __main__ - INFO - Starting OSINT Social Media Scraper API server
2025-08-08 15:09:40,375 - __main__ - INFO - Received request for X profile: elonmusk
2025-08-08 15:09:40,377 - __main__ - INFO - Twitter API client initialized successfully
2025-08-08 15:09:40,379 - __main__ - INFO - Scraping Twitter profile for elonmusk
2025-08-08 15:09:41,506 - __main__ - INFO - Saved elonmusk to cache
2025-08-08 15:09:41,507 - __main__ - INFO - Successfully scraped Twitter profile for elonmusk using API
2025-08-08 15:09:41,508 - __main__ - INFO - Successfully processed X profile: elonmusk
2025-08-08 15:10:43,616 - __main__ - INFO - Received request for X profile: narendramodi
2025-08-08 15:10:43,617 - __main__ - INFO - Twitter API client initialized successfully
2025-08-08 15:10:43,620 - __main__ - INFO - Scraping Twitter profile for narendramodi
2025-08-08 15:10:44,775 - tweepy.client - WARNING - Rate limit exceeded. Sleeping for 837 seconds.
